<?xml version="1.0" encoding="UTF-8"?>
<!-- Generated by org.testng.reporters.JUnitReportReporter -->
<testsuite hostname="Ajitpawar" failures="0" tests="1" name="ai.sl.testbase.Testbase" time="22.557" errors="0" timestamp="2024-07-16T11:48:30 IST" skipped="0">
  <testcase classname="ai.sl.testbase.Testbase" name="xyz" time="22.557"/>
</testsuite> <!-- ai.sl.testbase.Testbase -->
