<?xml version="1.0" encoding="UTF-8"?>
<!-- Generated by org.testng.reporters.JUnitReportReporter -->
<testsuite hostname="Ajitpawar" failures="0" tests="1" name="a.sl.testlayer.LoginPageTest" time="18.804" errors="0" timestamp="2024-07-25T15:46:16 IST" skipped="0">
  <testcase classname="a.sl.testlayer.LoginPageTest" name="verifyLoginTest" time="18.804"/>
</testsuite> <!-- a.sl.testlayer.LoginPageTest -->
