<?xml version="1.0" encoding="UTF-8"?>
<!-- Generated by org.testng.reporters.JUnitReportReporter -->
<testsuite hostname="Ajitpawar" failures="0" tests="2" name="a.sl.testlayer.BuyFunctionality" time="5.805" errors="0" timestamp="2024-07-25T17:55:33 IST" skipped="1">
  <testcase classname="a.sl.testlayer.BuyFunctionality" name="verifyUserCannotBuyProductWithEmptyCredential" time="5.805"/>
  <testcase classname="a.sl.testlayer.BuyFunctionality" name="verifyUserCanBuyProductWithValidCredential">
    <skipped/>
  </testcase> <!-- verifyUserCanBuyProductWithValidCredential -->
</testsuite> <!-- a.sl.testlayer.BuyFunctionality -->
